{
  "stats": {
    "suites": 1,
    "tests": 1,
    "passes": 0,
    "pending": 0,
    "failures": 1,
    "start": "2023-11-15T21:56:59.947Z",
    "end": "2023-11-15T21:57:28.323Z",
    "duration": 28376,
    "testsRegistered": 6,
    "passPercent": 0,
    "pendingPercent": 0,
    "other": 0,
    "hasOther": false,
    "skipped": 5,
    "hasSkipped": true
  },
  "results": [
    {
      "uuid": "c00fc5c2-d1d4-4f11-8e69-07b9d14c4a88",
      "title": "",
      "fullFile": "cypress/e2e/src/specs/test_hotel_booking.js",
      "file": "cypress/e2e/src/specs/test_hotel_booking.js",
      "beforeHooks": [],
      "afterHooks": [],
      "tests": [],
      "suites": [
        {
          "uuid": "d4bd1717-54f6-4789-a4bd-c4a713c58863",
          "title": "Test Suite for Basic Web UI Elements interaction",
          "fullFile": "",
          "file": "",
          "beforeHooks": [],
          "afterHooks": [],
          "tests": [
            {
              "title": "Verify if the tool calculates occupancy correctly with standard input.",
              "fullTitle": "Test Suite for Basic Web UI Elements interaction Verify if the tool calculates occupancy correctly with standard input.",
              "timedOut": null,
              "duration": 28305,
              "state": "failed",
              "speed": null,
              "pass": false,
              "fail": true,
              "pending": false,
              "context": null,
              "code": "homePage.getInputField(0).clear().type(data.TestData1[0]);\nhomePage.getInputField(1).clear().type(data.TestData1[1]);\nhomePage.getCalculateOccupancyButton().click();\nhomePage.getFreePremiumRoomsField().should('have.text', data.expectedResult[0]);\nhomePage.getFreeEconomyRoomsField().should('have.text', data.expectedResult[1]);\nhomePage.getUsagePremiumField().should('have.text', data.expectedResult[2]);\nhomePage.getUsageEconomyField().should('have.text', data.expectedResult[3]);",
              "err": {
                "message": "CypressError: `cy.visit()` failed trying to load:\n\nhttp://localhost:3000/\n\nWe attempted to make an http request to this URL but the request failed without a response.\n\nWe received this error at the network level:\n\n  > Error: connect ECONNREFUSED 127.0.0.1:3000\n\nCommon situations why this would fail:\n  - you don't have internet access\n  - you forgot to run / boot your web server\n  - your web server isn't accessible\n  - you have weird network configuration settings on your computer\n\nBecause this error occurred during a `before each` hook we are skipping the remaining tests in the current suite: `Test Suite for Basic Web UI...`",
                "estack": "CypressError: `cy.visit()` failed trying to load:\n\nhttp://localhost:3000/\n\nWe attempted to make an http request to this URL but the request failed without a response.\n\nWe received this error at the network level:\n\n  > Error: connect ECONNREFUSED 127.0.0.1:3000\n\nCommon situations why this would fail:\n  - you don't have internet access\n  - you forgot to run / boot your web server\n  - your web server isn't accessible\n  - you have weird network configuration settings on your computer\n\nBecause this error occurred during a `before each` hook we are skipping the remaining tests in the current suite: `Test Suite for Basic Web UI...`\n    at <unknown> (http://localhost:3000/__cypress/runner/cypress_runner.js:131347:74)\n    at visitFailedByErr (http://localhost:3000/__cypress/runner/cypress_runner.js:130739:12)\n    at <unknown> (http://localhost:3000/__cypress/runner/cypress_runner.js:131346:11)\n    at tryCatcher (http://localhost:3000/__cypress/runner/cypress_runner.js:1807:23)\n    at Promise._settlePromiseFromHandler (http://localhost:3000/__cypress/runner/cypress_runner.js:1519:31)\n    at Promise._settlePromise (http://localhost:3000/__cypress/runner/cypress_runner.js:1576:18)\n    at Promise._settlePromise0 (http://localhost:3000/__cypress/runner/cypress_runner.js:1621:10)\n    at Promise._settlePromises (http://localhost:3000/__cypress/runner/cypress_runner.js:1697:18)\n    at _drainQueueStep (http://localhost:3000/__cypress/runner/cypress_runner.js:2407:12)\n    at _drainQueue (http://localhost:3000/__cypress/runner/cypress_runner.js:2400:9)\n    at Async._drainQueues (http://localhost:3000/__cypress/runner/cypress_runner.js:2416:5)\n    at Async.drainQueues (http://localhost:3000/__cypress/runner/cypress_runner.js:2286:14)\nFrom Your Spec Code:\n    at Context.eval (webpack://my-app/./cypress/e2e/src/specs/test_hotel_booking.js:11:7)\n\nFrom Node.js Internals:\n  Error: connect ECONNREFUSED 127.0.0.1:3000\n      at TCPConnectWrap.afterConnect [as oncomplete] (node:net:1494:16)",
                "diff": null
              },
              "uuid": "01200a81-1e9b-45f5-b25f-ceaaf6ec7f13",
              "parentUUID": "d4bd1717-54f6-4789-a4bd-c4a713c58863",
              "isHook": false,
              "skipped": false
            },
            {
              "title": "Verify if excess premium guests are handled correctly.",
              "fullTitle": "Test Suite for Basic Web UI Elements interaction Verify if excess premium guests are handled correctly.",
              "timedOut": null,
              "duration": 0,
              "state": "skipped",
              "speed": null,
              "pass": false,
              "fail": false,
              "pending": false,
              "context": null,
              "code": "homePage.getInputField(0).click().type(data.TestData2[0]);\nhomePage.getInputField(1).click().type(data.TestData2[1]);\nhomePage.getCalculateOccupancyButton().click();\nhomePage.getFreePremiumRoomsField().should('have.text', data.expectedResult2[0]);\nhomePage.getFreeEconomyRoomsField().should('have.text', data.expectedResult2[1]);\nhomePage.getUsagePremiumField().should('have.text', data.expectedResult2[2]);\nhomePage.getUsageEconomyField().should('have.text', data.expectedResult2[3]);",
              "err": {},
              "uuid": "cfbbd917-38de-4605-8d54-aadb5cf917c0",
              "parentUUID": "d4bd1717-54f6-4789-a4bd-c4a713c58863",
              "isHook": false,
              "skipped": true
            },
            {
              "title": "Verify if the highest paying economy guests are upgraded to premium when possible",
              "fullTitle": "Test Suite for Basic Web UI Elements interaction Verify if the highest paying economy guests are upgraded to premium when possible",
              "timedOut": null,
              "duration": 0,
              "state": "skipped",
              "speed": null,
              "pass": false,
              "fail": false,
              "pending": false,
              "context": null,
              "code": "homePage.getInputField(0).click().type(data.TestData3[0]);\nhomePage.getInputField(1).click().type(data.TestData3[1]);\nhomePage.getCalculateOccupancyButton().click();\nhomePage.getFreePremiumRoomsField().should('have.text', data.expectedResult3[0]);\nhomePage.getFreeEconomyRoomsField().should('have.text', data.expectedResult3[1]);\nhomePage.getUsagePremiumField().should('have.text', data.expectedResult3[2]);\nhomePage.getUsageEconomyField().should('have.text', data.expectedResult3[3]);",
              "err": {},
              "uuid": "0f585592-bcd1-4d56-9135-126a6d831849",
              "parentUUID": "d4bd1717-54f6-4789-a4bd-c4a713c58863",
              "isHook": false,
              "skipped": true
            },
            {
              "title": "Verify economy customers are not upgraded to premium rooms if economy rooms are available",
              "fullTitle": "Test Suite for Basic Web UI Elements interaction Verify economy customers are not upgraded to premium rooms if economy rooms are available",
              "timedOut": null,
              "duration": 0,
              "state": "skipped",
              "speed": null,
              "pass": false,
              "fail": false,
              "pending": false,
              "context": null,
              "code": "homePage.getInputField(0).click().type(data.TestData4[0]);\nhomePage.getInputField(1).click().type(data.TestData4[1]);\nhomePage.getCalculateOccupancyButton().click();\nhomePage.getFreePremiumRoomsField().should('have.text', data.expectedResult4[0]);\nhomePage.getFreeEconomyRoomsField().should('have.text', data.expectedResult4[1]);\nhomePage.getUsagePremiumField().should('have.text', data.expectedResult4[2]);\nhomePage.getUsageEconomyField().should('have.text', data.expectedResult4[3]);",
              "err": {},
              "uuid": "346780d9-277c-4777-a791-a0b5a3343435",
              "parentUUID": "d4bd1717-54f6-4789-a4bd-c4a713c58863",
              "isHook": false,
              "skipped": true
            },
            {
              "title": "Verify that guests willing to pay EUR 100 or more are not allocated to economy rooms",
              "fullTitle": "Test Suite for Basic Web UI Elements interaction Verify that guests willing to pay EUR 100 or more are not allocated to economy rooms",
              "timedOut": null,
              "duration": 0,
              "state": "skipped",
              "speed": null,
              "pass": false,
              "fail": false,
              "pending": false,
              "context": null,
              "code": "homePage.getInputField(0).click().type(data.TestData2[0]);\nhomePage.getInputField(1).click().type(data.TestData2[1]);\nhomePage.getCalculateOccupancyButton().click();\nhomePage.getFreePremiumRoomsField().should('have.text', data.expectedResult2[0]);\nhomePage.getFreeEconomyRoomsField().should('have.text', data.expectedResult2[1]);\nhomePage.getUsagePremiumField().should('have.text', data.expectedResult2[2]);\nhomePage.getUsageEconomyField().should('have.text', data.expectedResult2[3]);",
              "err": {},
              "uuid": "dc44d7f2-a7ad-4a04-9bfb-5360b856c628",
              "parentUUID": "d4bd1717-54f6-4789-a4bd-c4a713c58863",
              "isHook": false,
              "skipped": true
            },
            {
              "title": "Verify the behavior when no rooms are available",
              "fullTitle": "Test Suite for Basic Web UI Elements interaction Verify the behavior when no rooms are available",
              "timedOut": null,
              "duration": 0,
              "state": "skipped",
              "speed": null,
              "pass": false,
              "fail": false,
              "pending": false,
              "context": null,
              "code": "homePage.getInputField(0).click().type(data.TestData5[0]);\nhomePage.getInputField(1).click().type(data.TestData5[1]);\nhomePage.getCalculateOccupancyButton().click();\nhomePage.getFreePremiumRoomsField().should('have.text', data.expectedResult5[0]);\nhomePage.getFreeEconomyRoomsField().should('have.text', data.expectedResult5[1]);\nhomePage.getUsagePremiumField().should('have.text', data.expectedResult5[2]);\nhomePage.getUsageEconomyField().should('have.text', data.expectedResult5[3]);",
              "err": {},
              "uuid": "01247254-07fc-48ca-9207-c0bc6e4ff8ad",
              "parentUUID": "d4bd1717-54f6-4789-a4bd-c4a713c58863",
              "isHook": false,
              "skipped": true
            }
          ],
          "suites": [],
          "passes": [],
          "failures": [
            "01200a81-1e9b-45f5-b25f-ceaaf6ec7f13"
          ],
          "pending": [],
          "skipped": [
            "cfbbd917-38de-4605-8d54-aadb5cf917c0",
            "0f585592-bcd1-4d56-9135-126a6d831849",
            "346780d9-277c-4777-a791-a0b5a3343435",
            "dc44d7f2-a7ad-4a04-9bfb-5360b856c628",
            "01247254-07fc-48ca-9207-c0bc6e4ff8ad"
          ],
          "duration": 28305,
          "root": false,
          "rootEmpty": false,
          "_timeout": 2000
        }
      ],
      "passes": [],
      "failures": [],
      "pending": [],
      "skipped": [],
      "duration": 0,
      "root": true,
      "rootEmpty": true,
      "_timeout": 2000
    }
  ],
  "meta": {
    "mocha": {
      "version": "7.0.1"
    },
    "mochawesome": {
      "options": {
        "quiet": false,
        "reportFilename": "mochawesome",
        "saveHtml": true,
        "saveJson": true,
        "consoleReporter": "spec",
        "useInlineDiffs": false,
        "code": true
      },
      "version": "7.1.3"
    },
    "marge": {
      "options": {
        "reportDir": "cypress/reports/mochawesome-report",
        "charts": true,
        "overwrite": false,
        "html": true,
        "json": true,
        "timestamp": "mmddyyyy_HHMMss"
      },
      "version": "6.2.0"
    }
  }
}