{
  "stats": {
    "suites": 1,
    "tests": 6,
    "passes": 1,
    "pending": 0,
    "failures": 5,
    "start": "2023-11-15T21:58:11.039Z",
    "end": "2023-11-15T21:58:37.144Z",
    "duration": 26105,
    "testsRegistered": 6,
    "passPercent": 16.666666666666664,
    "pendingPercent": 0,
    "other": 0,
    "hasOther": false,
    "skipped": 0,
    "hasSkipped": false
  },
  "results": [
    {
      "uuid": "7ceeb157-3763-4bea-bf2b-9abdacc0b147",
      "title": "",
      "fullFile": "cypress/e2e/src/specs/test_hotel_booking.js",
      "file": "cypress/e2e/src/specs/test_hotel_booking.js",
      "beforeHooks": [],
      "afterHooks": [],
      "tests": [],
      "suites": [
        {
          "uuid": "27ccf143-f7a8-4cca-bd8b-799a1d6533a7",
          "title": "Test Suite for Basic Web UI Elements interaction",
          "fullFile": "",
          "file": "",
          "beforeHooks": [],
          "afterHooks": [],
          "tests": [
            {
              "title": "Verify if the tool calculates occupancy correctly with standard input.",
              "fullTitle": "Test Suite for Basic Web UI Elements interaction Verify if the tool calculates occupancy correctly with standard input.",
              "timedOut": null,
              "duration": 6415,
              "state": "failed",
              "speed": null,
              "pass": false,
              "fail": true,
              "pending": false,
              "context": null,
              "code": "homePage.getInputField(0).clear().type(data.TestData1[0]);\nhomePage.getInputField(1).clear().type(data.TestData1[1]);\nhomePage.getCalculateOccupancyButton().click();\nhomePage.getFreePremiumRoomsField().should('have.text', data.expectedResult[0]);\nhomePage.getFreeEconomyRoomsField().should('have.text', data.expectedResult[1]);\nhomePage.getUsagePremiumField().should('have.text', data.expectedResult[2]);\nhomePage.getUsageEconomyField().should('have.text', data.expectedResult[3]);",
              "err": {
                "message": "AssertionError: Timed out retrying after 4000ms: expected '<p>' to have text 'Free Economy rooms: 0', but the text was 'Free Economy rooms: 2'",
                "estack": "AssertionError: Timed out retrying after 4000ms: expected '<p>' to have text 'Free Economy rooms: 0', but the text was 'Free Economy rooms: 2'\n    at Context.eval (webpack://my-app/./cypress/e2e/src/specs/test_hotel_booking.js:31:40)",
                "diff": "- 'Free Economy rooms: 2'\n+ 'Free Economy rooms: 0'\n"
              },
              "uuid": "86c64bbd-8c24-4282-9c84-0aba4d19c2a2",
              "parentUUID": "27ccf143-f7a8-4cca-bd8b-799a1d6533a7",
              "isHook": false,
              "skipped": false
            },
            {
              "title": "Verify if excess premium guests are handled correctly.",
              "fullTitle": "Test Suite for Basic Web UI Elements interaction Verify if excess premium guests are handled correctly.",
              "timedOut": null,
              "duration": 4744,
              "state": "failed",
              "speed": null,
              "pass": false,
              "fail": true,
              "pending": false,
              "context": null,
              "code": "homePage.getInputField(0).click().type(data.TestData2[0]);\nhomePage.getInputField(1).click().type(data.TestData2[1]);\nhomePage.getCalculateOccupancyButton().click();\nhomePage.getFreePremiumRoomsField().should('have.text', data.expectedResult2[0]);\nhomePage.getFreeEconomyRoomsField().should('have.text', data.expectedResult2[1]);\nhomePage.getUsagePremiumField().should('have.text', data.expectedResult2[2]);\nhomePage.getUsageEconomyField().should('have.text', data.expectedResult2[3]);",
              "err": {
                "message": "AssertionError: Timed out retrying after 4000ms: expected '<p>' to have text 'Free Economy rooms: 3', but the text was 'Free Economy rooms: 5'",
                "estack": "AssertionError: Timed out retrying after 4000ms: expected '<p>' to have text 'Free Economy rooms: 3', but the text was 'Free Economy rooms: 5'\n    at Context.eval (webpack://my-app/./cypress/e2e/src/specs/test_hotel_booking.js:43:40)",
                "diff": "- 'Free Economy rooms: 5'\n+ 'Free Economy rooms: 3'\n"
              },
              "uuid": "029c4ef9-e7b3-434d-a668-6a5ea0c96acf",
              "parentUUID": "27ccf143-f7a8-4cca-bd8b-799a1d6533a7",
              "isHook": false,
              "skipped": false
            },
            {
              "title": "Verify if the highest paying economy guests are upgraded to premium when possible",
              "fullTitle": "Test Suite for Basic Web UI Elements interaction Verify if the highest paying economy guests are upgraded to premium when possible",
              "timedOut": null,
              "duration": 4748,
              "state": "failed",
              "speed": null,
              "pass": false,
              "fail": true,
              "pending": false,
              "context": null,
              "code": "homePage.getInputField(0).click().type(data.TestData3[0]);\nhomePage.getInputField(1).click().type(data.TestData3[1]);\nhomePage.getCalculateOccupancyButton().click();\nhomePage.getFreePremiumRoomsField().should('have.text', data.expectedResult3[0]);\nhomePage.getFreeEconomyRoomsField().should('have.text', data.expectedResult3[1]);\nhomePage.getUsagePremiumField().should('have.text', data.expectedResult3[2]);\nhomePage.getUsageEconomyField().should('have.text', data.expectedResult3[3]);",
              "err": {
                "message": "AssertionError: Timed out retrying after 4000ms: expected '<p>' to have text 'Free Premium rooms: 0', but the text was 'Free Premium rooms: 3'",
                "estack": "AssertionError: Timed out retrying after 4000ms: expected '<p>' to have text 'Free Premium rooms: 0', but the text was 'Free Premium rooms: 3'\n    at Context.eval (webpack://my-app/./cypress/e2e/src/specs/test_hotel_booking.js:55:40)",
                "diff": "- 'Free Premium rooms: 3'\n+ 'Free Premium rooms: 0'\n"
              },
              "uuid": "58b910c5-7fe9-4a6a-a332-3d77d4e24bda",
              "parentUUID": "27ccf143-f7a8-4cca-bd8b-799a1d6533a7",
              "isHook": false,
              "skipped": false
            },
            {
              "title": "Verify economy customers are not upgraded to premium rooms if economy rooms are available",
              "fullTitle": "Test Suite for Basic Web UI Elements interaction Verify economy customers are not upgraded to premium rooms if economy rooms are available",
              "timedOut": null,
              "duration": 4776,
              "state": "failed",
              "speed": null,
              "pass": false,
              "fail": true,
              "pending": false,
              "context": null,
              "code": "homePage.getInputField(0).click().type(data.TestData4[0]);\nhomePage.getInputField(1).click().type(data.TestData4[1]);\nhomePage.getCalculateOccupancyButton().click();\nhomePage.getFreePremiumRoomsField().should('have.text', data.expectedResult4[0]);\nhomePage.getFreeEconomyRoomsField().should('have.text', data.expectedResult4[1]);\nhomePage.getUsagePremiumField().should('have.text', data.expectedResult4[2]);\nhomePage.getUsageEconomyField().should('have.text', data.expectedResult4[3]);",
              "err": {
                "message": "AssertionError: Timed out retrying after 4000ms: expected '<p>' to have text 'Free Premium rooms: 1', but the text was 'Free Premium rooms: 3'",
                "estack": "AssertionError: Timed out retrying after 4000ms: expected '<p>' to have text 'Free Premium rooms: 1', but the text was 'Free Premium rooms: 3'\n    at Context.eval (webpack://my-app/./cypress/e2e/src/specs/test_hotel_booking.js:67:40)",
                "diff": "- 'Free Premium rooms: 3'\n+ 'Free Premium rooms: 1'\n"
              },
              "uuid": "99eaace0-6304-4cce-ba37-8cd645da9eef",
              "parentUUID": "27ccf143-f7a8-4cca-bd8b-799a1d6533a7",
              "isHook": false,
              "skipped": false
            },
            {
              "title": "Verify that guests willing to pay EUR 100 or more are not allocated to economy rooms",
              "fullTitle": "Test Suite for Basic Web UI Elements interaction Verify that guests willing to pay EUR 100 or more are not allocated to economy rooms",
              "timedOut": null,
              "duration": 4775,
              "state": "failed",
              "speed": null,
              "pass": false,
              "fail": true,
              "pending": false,
              "context": null,
              "code": "homePage.getInputField(0).click().type(data.TestData2[0]);\nhomePage.getInputField(1).click().type(data.TestData2[1]);\nhomePage.getCalculateOccupancyButton().click();\nhomePage.getFreePremiumRoomsField().should('have.text', data.expectedResult2[0]);\nhomePage.getFreeEconomyRoomsField().should('have.text', data.expectedResult2[1]);\nhomePage.getUsagePremiumField().should('have.text', data.expectedResult2[2]);\nhomePage.getUsageEconomyField().should('have.text', data.expectedResult2[3]);",
              "err": {
                "message": "AssertionError: Timed out retrying after 4000ms: expected '<p>' to have text 'Free Economy rooms: 3', but the text was 'Free Economy rooms: 5'",
                "estack": "AssertionError: Timed out retrying after 4000ms: expected '<p>' to have text 'Free Economy rooms: 3', but the text was 'Free Economy rooms: 5'\n    at Context.eval (webpack://my-app/./cypress/e2e/src/specs/test_hotel_booking.js:81:40)",
                "diff": "- 'Free Economy rooms: 5'\n+ 'Free Economy rooms: 3'\n"
              },
              "uuid": "209b51fc-c079-4836-8890-b8fff1575e21",
              "parentUUID": "27ccf143-f7a8-4cca-bd8b-799a1d6533a7",
              "isHook": false,
              "skipped": false
            },
            {
              "title": "Verify the behavior when no rooms are available",
              "fullTitle": "Test Suite for Basic Web UI Elements interaction Verify the behavior when no rooms are available",
              "timedOut": null,
              "duration": 512,
              "state": "passed",
              "speed": "fast",
              "pass": true,
              "fail": false,
              "pending": false,
              "context": null,
              "code": "homePage.getInputField(0).click().type(data.TestData5[0]);\nhomePage.getInputField(1).click().type(data.TestData5[1]);\nhomePage.getCalculateOccupancyButton().click();\nhomePage.getFreePremiumRoomsField().should('have.text', data.expectedResult5[0]);\nhomePage.getFreeEconomyRoomsField().should('have.text', data.expectedResult5[1]);\nhomePage.getUsagePremiumField().should('have.text', data.expectedResult5[2]);\nhomePage.getUsageEconomyField().should('have.text', data.expectedResult5[3]);",
              "err": {},
              "uuid": "a715d650-cbbd-4df6-9ab2-cf1a66a0ef36",
              "parentUUID": "27ccf143-f7a8-4cca-bd8b-799a1d6533a7",
              "isHook": false,
              "skipped": false
            }
          ],
          "suites": [],
          "passes": [
            "a715d650-cbbd-4df6-9ab2-cf1a66a0ef36"
          ],
          "failures": [
            "86c64bbd-8c24-4282-9c84-0aba4d19c2a2",
            "029c4ef9-e7b3-434d-a668-6a5ea0c96acf",
            "58b910c5-7fe9-4a6a-a332-3d77d4e24bda",
            "99eaace0-6304-4cce-ba37-8cd645da9eef",
            "209b51fc-c079-4836-8890-b8fff1575e21"
          ],
          "pending": [],
          "skipped": [],
          "duration": 25970,
          "root": false,
          "rootEmpty": false,
          "_timeout": 2000
        }
      ],
      "passes": [],
      "failures": [],
      "pending": [],
      "skipped": [],
      "duration": 0,
      "root": true,
      "rootEmpty": true,
      "_timeout": 2000
    }
  ],
  "meta": {
    "mocha": {
      "version": "7.0.1"
    },
    "mochawesome": {
      "options": {
        "quiet": false,
        "reportFilename": "mochawesome",
        "saveHtml": true,
        "saveJson": true,
        "consoleReporter": "spec",
        "useInlineDiffs": false,
        "code": true
      },
      "version": "7.1.3"
    },
    "marge": {
      "options": {
        "reportDir": "cypress/reports/mochawesome-report",
        "charts": true,
        "overwrite": false,
        "html": true,
        "json": true,
        "timestamp": "mmddyyyy_HHMMss"
      },
      "version": "6.2.0"
    }
  }
}